# JRE version: Java(TM) SE Runtime Environment (17.0.12+8) (build 17.0.12+8-LTS-286)
# Java VM: Java HotSpot(TM) 64-Bit Server VM (17.0.12+8-LTS-286, mixed mode, emulated-client, sharing, tiered, compressed oops, compressed class ptrs, g1 gc, windows-amd64)
GC Precious Log:
 CPUs: 12 total, 12 available
 Memory: 16122M
 Large Page Support: Disabled
 NUMA Support: Disabled
 Compressed Oops: Enabled (Zero based)
 Heap Region Size: 2M
 Heap Min Capacity: 8M
 Heap Initial Capacity: 252M
 Heap Max Capacity: 4032M
 Pre-touch: Disabled
 Parallel Workers: 10
 Concurrent Workers: 3
 Concurrent Refinement Workers: 10
 Periodic GC: Disabled
Heap:
 garbage-first heap   total 151552K, used 85576K [0x0000000704000000, 0x0000000800000000)
  region size 2048K, 24 young (49152K), 3 survivors (6144K)
 Metaspace       used 73646K, committed 74176K, reserved 1114112K
  class space    used 10168K, committed 10432K, reserved 1048576K
GC Heap History (20 events):
Event: 1907.048 GC heap before
{Heap before GC invocations=85 (full 6):
 garbage-first heap   total 151552K, used 119896K [0x0000000704000000, 0x0000000800000000)
  region size 2048K, 40 young (81920K), 3 survivors (6144K)
 Metaspace       used 73614K, committed 74176K, reserved 1114112K
  class space    used 10163K, committed 10432K, reserved 1048576K
}
Event: 1907.053 GC heap after
{Heap after GC invocations=86 (full 6):
 garbage-first heap   total 151552K, used 44565K [0x0000000704000000, 0x0000000800000000)
  region size 2048K, 3 young (6144K), 3 survivors (6144K)
 Metaspace       used 73614K, committed 74176K, reserved 1114112K
  class space    used 10163K, committed 10432K, reserved 1048576K
}
Event: 2019.793 GC heap before
{Heap before GC invocations=86 (full 6):
 garbage-first heap   total 151552K, used 122389K [0x0000000704000000, 0x0000000800000000)
  region size 2048K, 41 young (83968K), 3 survivors (6144K)
 Metaspace       used 73614K, committed 74176K, reserved 1114112K
  class space    used 10163K, committed 10432K, reserved 1048576K
}
Event: 2019.800 GC heap after
{Heap after GC invocations=87 (full 6):
 garbage-first heap   total 151552K, used 44619K [0x0000000704000000, 0x0000000800000000)
  region size 2048K, 3 young (6144K), 3 survivors (6144K)
 Metaspace       used 73614K, committed 74176K, reserved 1114112K
  class space    used 10163K, committed 10432K, reserved 1048576K
}
Event: 2129.325 GC heap before
{Heap before GC invocations=87 (full 6):
 garbage-first heap   total 151552K, used 122443K [0x0000000704000000, 0x0000000800000000)
  region size 2048K, 41 young (83968K), 3 survivors (6144K)
 Metaspace       used 73624K, committed 74176K, reserved 1114112K
  class space    used 10165K, committed 10432K, reserved 1048576K
}
Event: 2129.334 GC heap after
{Heap after GC invocations=88 (full 6):
 garbage-first heap   total 151552K, used 44384K [0x0000000704000000, 0x0000000800000000)
  region size 2048K, 3 young (6144K), 3 survivors (6144K)
 Metaspace       used 73624K, committed 74176K, reserved 1114112K
  class space    used 10165K, committed 10432K, reserved 1048576K
}
Event: 2240.988 GC heap before
{Heap before GC invocations=88 (full 6):
 garbage-first heap   total 151552K, used 122208K [0x0000000704000000, 0x0000000800000000)
  region size 2048K, 41 young (83968K), 3 survivors (6144K)
 Metaspace       used 73624K, committed 74176K, reserved 1114112K
  class space    used 10165K, committed 10432K, reserved 1048576K
}
Event: 2240.993 GC heap after
{Heap after GC invocations=89 (full 6):
 garbage-first heap   total 151552K, used 44458K [0x0000000704000000, 0x0000000800000000)
  region size 2048K, 3 young (6144K), 3 survivors (6144K)
 Metaspace       used 73624K, committed 74176K, reserved 1114112K
  class space    used 10165K, committed 10432K, reserved 1048576K
}
Event: 2353.253 GC heap before
{Heap before GC invocations=89 (full 6):
 garbage-first heap   total 151552K, used 122282K [0x0000000704000000, 0x0000000800000000)
  region size 2048K, 41 young (83968K), 3 survivors (6144K)
 Metaspace       used 73624K, committed 74176K, reserved 1114112K
  class space    used 10165K, committed 10432K, reserved 1048576K
}
Event: 2353.260 GC heap after
{Heap after GC invocations=90 (full 6):
 garbage-first heap   total 151552K, used 44599K [0x0000000704000000, 0x0000000800000000)
  region size 2048K, 3 young (6144K), 3 survivors (6144K)
 Metaspace       used 73624K, committed 74176K, reserved 1114112K
  class space    used 10165K, committed 10432K, reserved 1048576K
}
Event: 2465.543 GC heap before
{Heap before GC invocations=90 (full 6):
 garbage-first heap   total 151552K, used 122423K [0x0000000704000000, 0x0000000800000000)
  region size 2048K, 41 young (83968K), 3 survivors (6144K)
 Metaspace       used 73634K, committed 74176K, reserved 1114112K
  class space    used 10166K, committed 10432K, reserved 1048576K
}
Event: 2465.549 GC heap after
{Heap after GC invocations=91 (full 6):
 garbage-first heap   total 151552K, used 44710K [0x0000000704000000, 0x0000000800000000)
  region size 2048K, 3 young (6144K), 3 survivors (6144K)
 Metaspace       used 73634K, committed 74176K, reserved 1114112K
  class space    used 10166K, committed 10432K, reserved 1048576K
}
Event: 2578.797 GC heap before
{Heap before GC invocations=91 (full 6):
 garbage-first heap   total 151552K, used 122534K [0x0000000704000000, 0x0000000800000000)
  region size 2048K, 41 young (83968K), 3 survivors (6144K)
 Metaspace       used 73634K, committed 74176K, reserved 1114112K
  class space    used 10166K, committed 10432K, reserved 1048576K
}
Event: 2578.801 GC heap after
{Heap after GC invocations=92 (full 6):
 garbage-first heap   total 151552K, used 44690K [0x0000000704000000, 0x0000000800000000)
  region size 2048K, 3 young (6144K), 3 survivors (6144K)
 Metaspace       used 73634K, committed 74176K, reserved 1114112K
  class space    used 10166K, committed 10432K, reserved 1048576K
}
Event: 2689.145 GC heap before
{Heap before GC invocations=92 (full 6):
 garbage-first heap   total 151552K, used 122514K [0x0000000704000000, 0x0000000800000000)
  region size 2048K, 41 young (83968K), 3 survivors (6144K)
 Metaspace       used 73634K, committed 74176K, reserved 1114112K
  class space    used 10166K, committed 10432K, reserved 1048576K
}
Event: 2689.150 GC heap after
{Heap after GC invocations=93 (full 6):
 garbage-first heap   total 151552K, used 44467K [0x0000000704000000, 0x0000000800000000)
  region size 2048K, 3 young (6144K), 3 survivors (6144K)
 Metaspace       used 73634K, committed 74176K, reserved 1114112K
  class space    used 10166K, committed 10432K, reserved 1048576K
}
Event: 2796.448 GC heap before
{Heap before GC invocations=93 (full 6):
 garbage-first heap   total 151552K, used 122291K [0x0000000704000000, 0x0000000800000000)
  region size 2048K, 41 young (83968K), 3 survivors (6144K)
 Metaspace       used 73643K, committed 74176K, reserved 1114112K
  class space    used 10168K, committed 10432K, reserved 1048576K
}
Event: 2796.452 GC heap after
{Heap after GC invocations=94 (full 6):
 garbage-first heap   total 151552K, used 44250K [0x0000000704000000, 0x0000000800000000)
  region size 2048K, 3 young (6144K), 3 survivors (6144K)
 Metaspace       used 73643K, committed 74176K, reserved 1114112K
  class space    used 10168K, committed 10432K, reserved 1048576K
}
Event: 2903.964 GC heap before
{Heap before GC invocations=94 (full 6):
 garbage-first heap   total 151552K, used 122074K [0x0000000704000000, 0x0000000800000000)
  region size 2048K, 41 young (83968K), 3 survivors (6144K)
 Metaspace       used 73643K, committed 74176K, reserved 1114112K
  class space    used 10168K, committed 10432K, reserved 1048576K
}
Event: 2903.970 GC heap after
{Heap after GC invocations=95 (full 6):
 garbage-first heap   total 151552K, used 44616K [0x0000000704000000, 0x0000000800000000)
  region size 2048K, 3 young (6144K), 3 survivors (6144K)
 Metaspace       used 73643K, committed 74176K, reserved 1114112K
  class space    used 10168K, committed 10432K, reserved 1048576K
}

