# JRE version: Java(TM) SE Runtime Environment (17.0.12+8) (build 17.0.12+8-LTS-286)
# Java VM: Java HotSpot(TM) 64-Bit Server VM (17.0.12+8-LTS-286, mixed mode, sharing, tiered, compressed oops, compressed class ptrs, g1 gc, windows-amd64)
GC Precious Log:
 CPUs: 12 total, 12 available
 Memory: 16122M
 Large Page Support: Disabled
 NUMA Support: Disabled
 Compressed Oops: Enabled (32-bit)
 Heap Region Size: 1M
 Heap Min Capacity: 256M
 Heap Initial Capacity: 256M
 Heap Max Capacity: 512M
 Pre-touch: Disabled
 Parallel Workers: 10
 Concurrent Workers: 3
 Concurrent Refinement Workers: 10
 Periodic GC: Disabled
Heap:
 garbage-first heap   total 367616K, used 161048K [0x00000000e0000000, 0x0000000100000000)
  region size 1024K, 62 young (63488K), 10 survivors (10240K)
 Metaspace       used 79800K, committed 81344K, reserved 458752K
  class space    used 10388K, committed 11136K, reserved 327680K
GC Heap History (20 events):
Event: 1412.798 GC heap before
{Heap before GC invocations=38 (full 0):
 garbage-first heap   total 262144K, used 148307K [0x00000000e0000000, 0x0000000100000000)
  region size 1024K, 12 young (12288K), 11 survivors (11264K)
 Metaspace       used 80947K, committed 82368K, reserved 458752K
  class space    used 10569K, committed 11264K, reserved 327680K
}
Event: 1412.804 GC heap after
{Heap after GC invocations=39 (full 0):
 garbage-first heap   total 262144K, used 128410K [0x00000000e0000000, 0x0000000100000000)
  region size 1024K, 2 young (2048K), 2 survivors (2048K)
 Metaspace       used 80947K, committed 82368K, reserved 458752K
  class space    used 10569K, committed 11264K, reserved 327680K
}
Event: 1412.842 GC heap before
{Heap before GC invocations=39 (full 0):
 garbage-first heap   total 262144K, used 138650K [0x00000000e0000000, 0x0000000100000000)
  region size 1024K, 12 young (12288K), 2 survivors (2048K)
 Metaspace       used 81029K, committed 82432K, reserved 458752K
  class space    used 10579K, committed 11264K, reserved 327680K
}
Event: 1412.849 GC heap after
{Heap after GC invocations=40 (full 0):
 garbage-first heap   total 262144K, used 119769K [0x00000000e0000000, 0x0000000100000000)
  region size 1024K, 1 young (1024K), 1 survivors (1024K)
 Metaspace       used 81029K, committed 82432K, reserved 458752K
  class space    used 10579K, committed 11264K, reserved 327680K
}
Event: 1435.833 GC heap before
{Heap before GC invocations=40 (full 0):
 garbage-first heap   total 262144K, used 202713K [0x00000000e0000000, 0x0000000100000000)
  region size 1024K, 82 young (83968K), 1 survivors (1024K)
 Metaspace       used 81297K, committed 82688K, reserved 458752K
  class space    used 10592K, committed 11264K, reserved 327680K
}
Event: 1435.837 GC heap after
{Heap after GC invocations=41 (full 0):
 garbage-first heap   total 262144K, used 121906K [0x00000000e0000000, 0x0000000100000000)
  region size 1024K, 3 young (3072K), 3 survivors (3072K)
 Metaspace       used 81297K, committed 82688K, reserved 458752K
  class space    used 10592K, committed 11264K, reserved 327680K
}
Event: 1498.305 GC heap before
{Heap before GC invocations=42 (full 0):
 garbage-first heap   total 262144K, used 200754K [0x00000000e0000000, 0x0000000100000000)
  region size 1024K, 86 young (88064K), 3 survivors (3072K)
 Metaspace       used 79444K, committed 81280K, reserved 458752K
  class space    used 10379K, committed 11136K, reserved 327680K
}
Event: 1498.310 GC heap after
{Heap after GC invocations=43 (full 0):
 garbage-first heap   total 262144K, used 124256K [0x00000000e0000000, 0x0000000100000000)
  region size 1024K, 11 young (11264K), 11 survivors (11264K)
 Metaspace       used 79444K, committed 81280K, reserved 458752K
  class space    used 10379K, committed 11136K, reserved 327680K
}
Event: 1498.312 GC heap before
{Heap before GC invocations=43 (full 0):
 garbage-first heap   total 262144K, used 124256K [0x00000000e0000000, 0x0000000100000000)
  region size 1024K, 12 young (12288K), 11 survivors (11264K)
 Metaspace       used 79444K, committed 81280K, reserved 458752K
  class space    used 10379K, committed 11136K, reserved 327680K
}
Event: 1498.322 GC heap after
{Heap after GC invocations=44 (full 0):
 garbage-first heap   total 262144K, used 102965K [0x00000000e0000000, 0x0000000100000000)
  region size 1024K, 2 young (2048K), 2 survivors (2048K)
 Metaspace       used 79444K, committed 81280K, reserved 458752K
  class space    used 10379K, committed 11136K, reserved 327680K
}
Event: 1498.348 GC heap before
{Heap before GC invocations=44 (full 0):
 garbage-first heap   total 262144K, used 113205K [0x00000000e0000000, 0x0000000100000000)
  region size 1024K, 12 young (12288K), 2 survivors (2048K)
 Metaspace       used 79444K, committed 81280K, reserved 458752K
  class space    used 10379K, committed 11136K, reserved 327680K
}
Event: 1498.353 GC heap after
{Heap after GC invocations=45 (full 0):
 garbage-first heap   total 262144K, used 100075K [0x00000000e0000000, 0x0000000100000000)
  region size 1024K, 2 young (2048K), 2 survivors (2048K)
 Metaspace       used 79444K, committed 81280K, reserved 458752K
  class space    used 10379K, committed 11136K, reserved 327680K
}
Event: 1502.482 GC heap before
{Heap before GC invocations=45 (full 0):
 garbage-first heap   total 262144K, used 199403K [0x00000000e0000000, 0x0000000100000000)
  region size 1024K, 99 young (101376K), 2 survivors (2048K)
 Metaspace       used 79476K, committed 81280K, reserved 458752K
  class space    used 10379K, committed 11136K, reserved 327680K
}
Event: 1502.487 GC heap after
{Heap after GC invocations=46 (full 0):
 garbage-first heap   total 367616K, used 108312K [0x00000000e0000000, 0x0000000100000000)
  region size 1024K, 10 young (10240K), 10 survivors (10240K)
 Metaspace       used 79476K, committed 81280K, reserved 458752K
  class space    used 10379K, committed 11136K, reserved 327680K
}
Event: 1583.436 GC heap before
{Heap before GC invocations=46 (full 0):
 garbage-first heap   total 367616K, used 264984K [0x00000000e0000000, 0x0000000100000000)
  region size 1024K, 164 young (167936K), 10 survivors (10240K)
 Metaspace       used 79535K, committed 81280K, reserved 458752K
  class space    used 10380K, committed 11136K, reserved 327680K
}
Event: 1583.439 GC heap after
{Heap after GC invocations=47 (full 0):
 garbage-first heap   total 367616K, used 105044K [0x00000000e0000000, 0x0000000100000000)
  region size 1024K, 6 young (6144K), 6 survivors (6144K)
 Metaspace       used 79535K, committed 81280K, reserved 458752K
  class space    used 10380K, committed 11136K, reserved 327680K
}
Event: 1797.430 GC heap before
{Heap before GC invocations=47 (full 0):
 garbage-first heap   total 367616K, used 279124K [0x00000000e0000000, 0x0000000100000000)
  region size 1024K, 177 young (181248K), 6 survivors (6144K)
 Metaspace       used 79586K, committed 81280K, reserved 458752K
  class space    used 10380K, committed 11136K, reserved 327680K
}
Event: 1797.433 GC heap after
{Heap after GC invocations=48 (full 0):
 garbage-first heap   total 367616K, used 103251K [0x00000000e0000000, 0x0000000100000000)
  region size 1024K, 5 young (5120K), 5 survivors (5120K)
 Metaspace       used 79586K, committed 81280K, reserved 458752K
  class space    used 10380K, committed 11136K, reserved 327680K
}
Event: 2636.337 GC heap before
{Heap before GC invocations=48 (full 0):
 garbage-first heap   total 367616K, used 287571K [0x00000000e0000000, 0x0000000100000000)
  region size 1024K, 186 young (190464K), 5 survivors (5120K)
 Metaspace       used 79688K, committed 81280K, reserved 458752K
  class space    used 10381K, committed 11136K, reserved 327680K
}
Event: 2636.341 GC heap after
{Heap after GC invocations=49 (full 0):
 garbage-first heap   total 367616K, used 108824K [0x00000000e0000000, 0x0000000100000000)
  region size 1024K, 10 young (10240K), 10 survivors (10240K)
 Metaspace       used 79688K, committed 81280K, reserved 458752K
  class space    used 10381K, committed 11136K, reserved 327680K
}

