# JRE version: Java(TM) SE Runtime Environment (17.0.12+8) (build 17.0.12+8-LTS-286)
# Java VM: Java HotSpot(TM) 64-Bit Server VM (17.0.12+8-LTS-286, mixed mode, sharing, tiered, compressed oops, compressed class ptrs, g1 gc, windows-amd64)
GC Precious Log:
 CPUs: 12 total, 12 available
 Memory: 16122M
 Large Page Support: Disabled
 NUMA Support: Disabled
 Compressed Oops: Enabled (32-bit)
 Heap Region Size: 1M
 Heap Min Capacity: 256M
 Heap Initial Capacity: 256M
 Heap Max Capacity: 512M
 Pre-touch: Disabled
 Parallel Workers: 10
 Concurrent Workers: 3
 Concurrent Refinement Workers: 10
 Periodic GC: Disabled
Heap:
 garbage-first heap   total 388096K, used 282077K [0x00000000e0000000, 0x0000000100000000)
  region size 1024K, 146 young (149504K), 2 survivors (2048K)
 Metaspace       used 102412K, committed 104000K, reserved 458752K
  class space    used 13502K, committed 14272K, reserved 327680K
GC Heap History (20 events):
Event: 6389.358 GC heap before
{Heap before GC invocations=88 (full 0):
 garbage-first heap   total 388096K, used 149836K [0x00000000e0000000, 0x0000000100000000)
  region size 1024K, 18 young (18432K), 13 survivors (13312K)
 Metaspace       used 103369K, committed 104704K, reserved 458752K
  class space    used 13644K, committed 14272K, reserved 327680K
}
Event: 6389.364 GC heap after
{Heap after GC invocations=89 (full 0):
 garbage-first heap   total 388096K, used 138310K [0x00000000e0000000, 0x0000000100000000)
  region size 1024K, 2 young (2048K), 2 survivors (2048K)
 Metaspace       used 103369K, committed 104704K, reserved 458752K
  class space    used 13644K, committed 14272K, reserved 327680K
}
Event: 6389.688 GC heap before
{Heap before GC invocations=89 (full 0):
 garbage-first heap   total 388096K, used 233542K [0x00000000e0000000, 0x0000000100000000)
  region size 1024K, 97 young (99328K), 2 survivors (2048K)
 Metaspace       used 103482K, committed 104832K, reserved 458752K
  class space    used 13651K, committed 14272K, reserved 327680K
}
Event: 6389.691 GC heap after
{Heap after GC invocations=90 (full 0):
 garbage-first heap   total 388096K, used 145160K [0x00000000e0000000, 0x0000000100000000)
  region size 1024K, 9 young (9216K), 9 survivors (9216K)
 Metaspace       used 103482K, committed 104832K, reserved 458752K
  class space    used 13651K, committed 14272K, reserved 327680K
}
Event: 6460.199 GC heap before
{Heap before GC invocations=91 (full 0):
 garbage-first heap   total 388096K, used 313096K [0x00000000e0000000, 0x0000000100000000)
  region size 1024K, 175 young (179200K), 9 survivors (9216K)
 Metaspace       used 103486K, committed 104768K, reserved 458752K
  class space    used 13646K, committed 14272K, reserved 327680K
}
Event: 6460.204 GC heap after
{Heap after GC invocations=92 (full 0):
 garbage-first heap   total 388096K, used 147407K [0x00000000e0000000, 0x0000000100000000)
  region size 1024K, 12 young (12288K), 12 survivors (12288K)
 Metaspace       used 103486K, committed 104768K, reserved 458752K
  class space    used 13646K, committed 14272K, reserved 327680K
}
Event: 6460.216 GC heap before
{Heap before GC invocations=92 (full 0):
 garbage-first heap   total 388096K, used 152527K [0x00000000e0000000, 0x0000000100000000)
  region size 1024K, 18 young (18432K), 12 survivors (12288K)
 Metaspace       used 103487K, committed 104768K, reserved 458752K
  class space    used 13646K, committed 14272K, reserved 327680K
}
Event: 6460.220 GC heap after
{Heap after GC invocations=93 (full 0):
 garbage-first heap   total 388096K, used 138100K [0x00000000e0000000, 0x0000000100000000)
  region size 1024K, 2 young (2048K), 2 survivors (2048K)
 Metaspace       used 103487K, committed 104768K, reserved 458752K
  class space    used 13646K, committed 14272K, reserved 327680K
}
Event: 6559.792 GC heap before
{Heap before GC invocations=93 (full 0):
 garbage-first heap   total 388096K, used 314228K [0x00000000e0000000, 0x0000000100000000)
  region size 1024K, 175 young (179200K), 2 survivors (2048K)
 Metaspace       used 103557K, committed 104896K, reserved 458752K
  class space    used 13646K, committed 14272K, reserved 327680K
}
Event: 6559.798 GC heap after
{Heap after GC invocations=94 (full 0):
 garbage-first heap   total 388096K, used 144143K [0x00000000e0000000, 0x0000000100000000)
  region size 1024K, 8 young (8192K), 8 survivors (8192K)
 Metaspace       used 103557K, committed 104896K, reserved 458752K
  class space    used 13646K, committed 14272K, reserved 327680K
}
Event: 6683.609 GC heap before
{Heap before GC invocations=95 (full 0):
 garbage-first heap   total 388096K, used 317199K [0x00000000e0000000, 0x0000000100000000)
  region size 1024K, 178 young (182272K), 8 survivors (8192K)
 Metaspace       used 101863K, committed 104000K, reserved 458752K
  class space    used 13441K, committed 14272K, reserved 327680K
}
Event: 6683.614 GC heap after
{Heap after GC invocations=96 (full 0):
 garbage-first heap   total 388096K, used 146375K [0x00000000e0000000, 0x0000000100000000)
  region size 1024K, 10 young (10240K), 10 survivors (10240K)
 Metaspace       used 101863K, committed 104000K, reserved 458752K
  class space    used 13441K, committed 14272K, reserved 327680K
}
Event: 6684.026 GC heap before
{Heap before GC invocations=96 (full 0):
 garbage-first heap   total 388096K, used 153543K [0x00000000e0000000, 0x0000000100000000)
  region size 1024K, 18 young (18432K), 10 survivors (10240K)
 Metaspace       used 101865K, committed 104000K, reserved 458752K
  class space    used 13441K, committed 14272K, reserved 327680K
}
Event: 6684.031 GC heap after
{Heap after GC invocations=97 (full 0):
 garbage-first heap   total 388096K, used 135980K [0x00000000e0000000, 0x0000000100000000)
  region size 1024K, 1 young (1024K), 1 survivors (1024K)
 Metaspace       used 101865K, committed 104000K, reserved 458752K
  class space    used 13441K, committed 14272K, reserved 327680K
}
Event: 6780.006 GC heap before
{Heap before GC invocations=97 (full 0):
 garbage-first heap   total 388096K, used 317228K [0x00000000e0000000, 0x0000000100000000)
  region size 1024K, 179 young (183296K), 1 survivors (1024K)
 Metaspace       used 102362K, committed 104000K, reserved 458752K
  class space    used 13516K, committed 14272K, reserved 327680K
}
Event: 6780.010 GC heap after
{Heap after GC invocations=98 (full 0):
 garbage-first heap   total 388096K, used 142967K [0x00000000e0000000, 0x0000000100000000)
  region size 1024K, 8 young (8192K), 8 survivors (8192K)
 Metaspace       used 102362K, committed 104000K, reserved 458752K
  class space    used 13516K, committed 14272K, reserved 327680K
}
Event: 6795.207 GC heap before
{Heap before GC invocations=99 (full 0):
 garbage-first heap   total 388096K, used 319095K [0x00000000e0000000, 0x0000000100000000)
  region size 1024K, 181 young (185344K), 8 survivors (8192K)
 Metaspace       used 102364K, committed 104000K, reserved 458752K
  class space    used 13500K, committed 14272K, reserved 327680K
}
Event: 6795.210 GC heap after
{Heap after GC invocations=100 (full 0):
 garbage-first heap   total 388096K, used 140504K [0x00000000e0000000, 0x0000000100000000)
  region size 1024K, 7 young (7168K), 7 survivors (7168K)
 Metaspace       used 102364K, committed 104000K, reserved 458752K
  class space    used 13500K, committed 14272K, reserved 327680K
}
Event: 6795.248 GC heap before
{Heap before GC invocations=100 (full 0):
 garbage-first heap   total 388096K, used 151768K [0x00000000e0000000, 0x0000000100000000)
  region size 1024K, 18 young (18432K), 7 survivors (7168K)
 Metaspace       used 102364K, committed 104000K, reserved 458752K
  class space    used 13500K, committed 14272K, reserved 327680K
}
Event: 6795.252 GC heap after
{Heap after GC invocations=101 (full 0):
 garbage-first heap   total 388096K, used 136669K [0x00000000e0000000, 0x0000000100000000)
  region size 1024K, 2 young (2048K), 2 survivors (2048K)
 Metaspace       used 102364K, committed 104000K, reserved 458752K
  class space    used 13500K, committed 14272K, reserved 327680K
}

